app/build/intermediates/manifest_merge_blame_file/debug/manifest-merger-blame-debug-report.txt
1<?xml version="1.0" encoding="utf-8"?>
2<manifest xmlns:android="http://schemas.android.com/apk/res/android"
3    package="com.example.residenthomes"
4    android:versionCode="1"
5    android:versionName="1.0" >
6
7    <uses-sdk
8        android:minSdkVersion="19"
8-->src/main/AndroidManifest.xml
9        android:targetSdkVersion="33" />
9-->src/main/AndroidManifest.xml
10
11    <uses-permission android:name="android.permission.INTERNET" />
11-->[com.google.firebase:firebase-auth:22.0.0] AndroidManifest.xml:25:5-67
11-->[com.google.firebase:firebase-auth:22.0.0] AndroidManifest.xml:25:22-64
12    <uses-permission android:name="android.permission.ACCESS_NETWORK_STATE" />
12-->[com.google.firebase:firebase-auth:22.0.0] AndroidManifest.xml:26:5-79
12-->[com.google.firebase:firebase-auth:22.0.0] AndroidManifest.xml:26:22-76
13    <uses-permission android:name="android.permission.WAKE_LOCK" />
13-->[com.google.android.gms:play-services-measurement-api:21.2.2] AndroidManifest.xml:24:5-68
13-->[com.google.android.gms:play-services-measurement-api:21.2.2] AndroidManifest.xml:24:22-65
14    <uses-permission android:name="com.google.android.gms.permission.AD_ID" />
14-->[com.google.android.gms:play-services-measurement-api:21.2.2] AndroidManifest.xml:25:5-79
14-->[com.google.android.gms:play-services-measurement-api:21.2.2] AndroidManifest.xml:25:22-76
15    <uses-permission android:name="com.google.android.finsky.permission.BIND_GET_INSTALL_REFERRER_SERVICE" />
15-->[com.google.android.gms:play-services-measurement:21.2.2] AndroidManifest.xml:26:5-110
15-->[com.google.android.gms:play-services-measurement:21.2.2] AndroidManifest.xml:26:22-107
16
17    <permission
17-->[androidx.core:core:1.10.0] AndroidManifest.xml:22:5-24:47
18        android:name="com.example.residenthomes.DYNAMIC_RECEIVER_NOT_EXPORTED_PERMISSION"
18-->[androidx.core:core:1.10.0] AndroidManifest.xml:23:9-81
19        android:protectionLevel="signature" />
19-->[androidx.core:core:1.10.0] AndroidManifest.xml:24:9-44
20
21    <uses-permission android:name="com.example.residenthomes.DYNAMIC_RECEIVER_NOT_EXPORTED_PERMISSION" />
21-->[androidx.core:core:1.10.0] AndroidManifest.xml:26:5-97
21-->[androidx.core:core:1.10.0] AndroidManifest.xml:26:22-94
22
23    <application
23-->src/main/AndroidManifest.xml:5:5-63:19
24        android:allowBackup="true"
24-->src/main/AndroidManifest.xml:6:9-35
25        android:appComponentFactory="androidx.core.app.CoreComponentFactory"
25-->[androidx.core:core:1.10.0] AndroidManifest.xml:28:18-86
26        android:dataExtractionRules="@xml/data_extraction_rules"
26-->src/main/AndroidManifest.xml:7:9-65
27        android:debuggable="true"
28        android:fullBackupContent="@xml/backup_rules"
28-->src/main/AndroidManifest.xml:8:9-54
29        android:icon="@mipmap/resident_logo"
29-->src/main/AndroidManifest.xml:9:9-45
30        android:label="@string/app_name"
30-->src/main/AndroidManifest.xml:10:9-41
31        android:roundIcon="@mipmap/ic_launcher_round"
31-->src/main/AndroidManifest.xml:11:9-54
32        android:supportsRtl="true"
32-->src/main/AndroidManifest.xml:12:9-35
33        android:testOnly="true"
34        android:theme="@style/Theme.ResidentHomes" >
34-->src/main/AndroidManifest.xml:13:9-51
35        <activity
35-->src/main/AndroidManifest.xml:15:9-17:40
36            android:name="com.example.residenthomes.ViewAmenitiesActivity"
36-->src/main/AndroidManifest.xml:16:13-50
37            android:exported="false" />
37-->src/main/AndroidManifest.xml:17:13-37
38        <activity
38-->src/main/AndroidManifest.xml:18:9-20:40
39            android:name="com.example.residenthomes.AmenityActivity"
39-->src/main/AndroidManifest.xml:19:13-44
40            android:exported="false" />
40-->src/main/AndroidManifest.xml:20:13-37
41        <activity
41-->src/main/AndroidManifest.xml:21:9-23:40
42            android:name="com.example.residenthomes.AddAmenitiesActivity"
42-->src/main/AndroidManifest.xml:22:13-49
43            android:exported="false" />
43-->src/main/AndroidManifest.xml:23:13-37
44        <activity
44-->src/main/AndroidManifest.xml:24:9-26:40
45            android:name="com.example.residenthomes.HostelBookingActivity"
45-->src/main/AndroidManifest.xml:25:13-50
46            android:exported="false" />
46-->src/main/AndroidManifest.xml:26:13-37
47        <activity
47-->src/main/AndroidManifest.xml:27:9-29:40
48            android:name="com.example.residenthomes.RoomBookingActivity"
48-->src/main/AndroidManifest.xml:28:13-48
49            android:exported="false" />
49-->src/main/AndroidManifest.xml:29:13-37
50        <activity
50-->src/main/AndroidManifest.xml:30:9-32:40
51            android:name="com.example.residenthomes.HostelActivity"
51-->src/main/AndroidManifest.xml:31:13-43
52            android:exported="false" />
52-->src/main/AndroidManifest.xml:32:13-37
53        <activity
53-->src/main/AndroidManifest.xml:33:9-35:40
54            android:name="com.example.residenthomes.ViewHostelActivity"
54-->src/main/AndroidManifest.xml:34:13-47
55            android:exported="false" />
55-->src/main/AndroidManifest.xml:35:13-37
56        <activity
56-->src/main/AndroidManifest.xml:36:9-38:40
57            android:name="com.example.residenthomes.AddHostelActivity"
57-->src/main/AndroidManifest.xml:37:13-46
58            android:exported="false" />
58-->src/main/AndroidManifest.xml:38:13-37
59        <activity
59-->src/main/AndroidManifest.xml:39:9-41:40
60            android:name="com.example.residenthomes.AdminActivity"
60-->src/main/AndroidManifest.xml:40:13-42
61            android:exported="false" />
61-->src/main/AndroidManifest.xml:41:13-37
62        <activity
62-->src/main/AndroidManifest.xml:42:9-44:40
63            android:name="com.example.residenthomes.DashBActivity"
63-->src/main/AndroidManifest.xml:43:13-42
64            android:exported="false" />
64-->src/main/AndroidManifest.xml:44:13-37
65        <activity
65-->src/main/AndroidManifest.xml:45:9-47:40
66            android:name="com.example.residenthomes.HomeActivity"
66-->src/main/AndroidManifest.xml:46:13-41
67            android:exported="false" />
67-->src/main/AndroidManifest.xml:47:13-37
68        <activity
68-->src/main/AndroidManifest.xml:48:9-50:40
69            android:name="com.example.residenthomes.LoginActivity"
69-->src/main/AndroidManifest.xml:49:13-42
70            android:exported="false" />
70-->src/main/AndroidManifest.xml:50:13-37
71        <activity
71-->src/main/AndroidManifest.xml:51:9-53:40
72            android:name="com.example.residenthomes.RegisterActivity"
72-->src/main/AndroidManifest.xml:52:13-45
73            android:exported="false" />
73-->src/main/AndroidManifest.xml:53:13-37
74        <activity
74-->src/main/AndroidManifest.xml:54:9-62:20
75            android:name="com.example.residenthomes.SplashActivity"
75-->src/main/AndroidManifest.xml:55:13-43
76            android:exported="true" >
76-->src/main/AndroidManifest.xml:56:13-36
77            <intent-filter>
77-->src/main/AndroidManifest.xml:57:13-61:29
78                <action android:name="android.intent.action.MAIN" />
78-->src/main/AndroidManifest.xml:58:17-69
78-->src/main/AndroidManifest.xml:58:25-66
79
80                <category android:name="android.intent.category.LAUNCHER" />
80-->src/main/AndroidManifest.xml:60:17-77
80-->src/main/AndroidManifest.xml:60:27-74
81            </intent-filter>
82        </activity>
83
84        <service
84-->[com.google.firebase:firebase-database-ktx:20.2.1] AndroidManifest.xml:11:9-17:19
85            android:name="com.google.firebase.components.ComponentDiscoveryService"
85-->[com.google.firebase:firebase-database-ktx:20.2.1] AndroidManifest.xml:12:13-84
86            android:directBootAware="true"
86-->[com.google.firebase:firebase-common:20.3.2] AndroidManifest.xml:34:13-43
87            android:exported="false" >
87-->[com.google.firebase:firebase-database-ktx:20.2.1] AndroidManifest.xml:13:13-37
88            <meta-data
88-->[com.google.firebase:firebase-database-ktx:20.2.1] AndroidManifest.xml:14:13-16:85
89                android:name="com.google.firebase.components:com.google.firebase.database.ktx.FirebaseDatabaseKtxRegistrar"
89-->[com.google.firebase:firebase-database-ktx:20.2.1] AndroidManifest.xml:15:17-124
90                android:value="com.google.firebase.components.ComponentRegistrar" />
90-->[com.google.firebase:firebase-database-ktx:20.2.1] AndroidManifest.xml:16:17-82
91            <meta-data
91-->[com.google.firebase:firebase-storage-ktx:20.2.0] AndroidManifest.xml:14:13-16:85
92                android:name="com.google.firebase.components:com.google.firebase.storage.ktx.FirebaseStorageKtxRegistrar"
92-->[com.google.firebase:firebase-storage-ktx:20.2.0] AndroidManifest.xml:15:17-122
93                android:value="com.google.firebase.components.ComponentRegistrar" />
93-->[com.google.firebase:firebase-storage-ktx:20.2.0] AndroidManifest.xml:16:17-82
94            <meta-data
94-->[com.google.firebase:firebase-auth-ktx:22.0.0] AndroidManifest.xml:11:13-13:85
95                android:name="com.google.firebase.components:com.google.firebase.auth.ktx.FirebaseAuthKtxRegistrar"
95-->[com.google.firebase:firebase-auth-ktx:22.0.0] AndroidManifest.xml:12:17-116
96                android:value="com.google.firebase.components.ComponentRegistrar" />
96-->[com.google.firebase:firebase-auth-ktx:22.0.0] AndroidManifest.xml:13:17-82
97            <meta-data
97-->[com.google.firebase:firebase-analytics-ktx:21.2.2] AndroidManifest.xml:11:13-13:85
98                android:name="com.google.firebase.components:com.google.firebase.analytics.ktx.FirebaseAnalyticsKtxRegistrar"
98-->[com.google.firebase:firebase-analytics-ktx:21.2.2] AndroidManifest.xml:12:17-126
99                android:value="com.google.firebase.components.ComponentRegistrar" />
99-->[com.google.firebase:firebase-analytics-ktx:21.2.2] AndroidManifest.xml:13:17-82
100            <meta-data
100-->[com.google.firebase:firebase-common-ktx:20.3.2] AndroidManifest.xml:14:13-16:85
101                android:name="com.google.firebase.components:com.google.firebase.ktx.FirebaseCommonKtxRegistrar"
101-->[com.google.firebase:firebase-common-ktx:20.3.2] AndroidManifest.xml:15:17-113
102                android:value="com.google.firebase.components.ComponentRegistrar" />
102-->[com.google.firebase:firebase-common-ktx:20.3.2] AndroidManifest.xml:16:17-82
103            <meta-data
103-->[com.google.firebase:firebase-auth:22.0.0] AndroidManifest.xml:69:13-71:85
104                android:name="com.google.firebase.components:com.google.firebase.auth.FirebaseAuthRegistrar"
104-->[com.google.firebase:firebase-auth:22.0.0] AndroidManifest.xml:70:17-109
105                android:value="com.google.firebase.components.ComponentRegistrar" />
105-->[com.google.firebase:firebase-auth:22.0.0] AndroidManifest.xml:71:17-82
106            <meta-data
106-->[com.google.firebase:firebase-database:20.2.1] AndroidManifest.xml:31:13-33:85
107                android:name="com.google.firebase.components:com.google.firebase.database.DatabaseRegistrar"
107-->[com.google.firebase:firebase-database:20.2.1] AndroidManifest.xml:32:17-109
108                android:value="com.google.firebase.components.ComponentRegistrar" />
108-->[com.google.firebase:firebase-database:20.2.1] AndroidManifest.xml:33:17-82
109            <meta-data
109-->[com.google.firebase:firebase-storage:20.2.0] AndroidManifest.xml:32:13-34:85
110                android:name="com.google.firebase.components:com.google.firebase.storage.StorageRegistrar"
110-->[com.google.firebase:firebase-storage:20.2.0] AndroidManifest.xml:33:17-107
111                android:value="com.google.firebase.components.ComponentRegistrar" />
111-->[com.google.firebase:firebase-storage:20.2.0] AndroidManifest.xml:34:17-82
112            <meta-data
112-->[com.google.android.gms:play-services-measurement-api:21.2.2] AndroidManifest.xml:31:13-33:85
113                android:name="com.google.firebase.components:com.google.firebase.analytics.connector.internal.AnalyticsConnectorRegistrar"
113-->[com.google.android.gms:play-services-measurement-api:21.2.2] AndroidManifest.xml:32:17-139
114                android:value="com.google.firebase.components.ComponentRegistrar" />
114-->[com.google.android.gms:play-services-measurement-api:21.2.2] AndroidManifest.xml:33:17-82
115            <meta-data
115-->[com.google.firebase:firebase-installations:17.1.3] AndroidManifest.xml:17:13-19:85
116                android:name="com.google.firebase.components:com.google.firebase.installations.FirebaseInstallationsRegistrar"
116-->[com.google.firebase:firebase-installations:17.1.3] AndroidManifest.xml:18:17-127
117                android:value="com.google.firebase.components.ComponentRegistrar" />
117-->[com.google.firebase:firebase-installations:17.1.3] AndroidManifest.xml:19:17-82
118        </service>
119
120        <activity
120-->[com.google.firebase:firebase-auth:22.0.0] AndroidManifest.xml:29:9-46:20
121            android:name="com.google.firebase.auth.internal.GenericIdpActivity"
121-->[com.google.firebase:firebase-auth:22.0.0] AndroidManifest.xml:30:13-80
122            android:excludeFromRecents="true"
122-->[com.google.firebase:firebase-auth:22.0.0] AndroidManifest.xml:31:13-46
123            android:exported="true"
123-->[com.google.firebase:firebase-auth:22.0.0] AndroidManifest.xml:32:13-36
124            android:launchMode="singleTask"
124-->[com.google.firebase:firebase-auth:22.0.0] AndroidManifest.xml:33:13-44
125            android:theme="@android:style/Theme.Translucent.NoTitleBar" >
125-->[com.google.firebase:firebase-auth:22.0.0] AndroidManifest.xml:34:13-72
126            <intent-filter>
126-->[com.google.firebase:firebase-auth:22.0.0] AndroidManifest.xml:35:13-45:29
127                <action android:name="android.intent.action.VIEW" />
127-->[com.google.firebase:firebase-auth:22.0.0] AndroidManifest.xml:36:17-69
127-->[com.google.firebase:firebase-auth:22.0.0] AndroidManifest.xml:36:25-66
128
129                <category android:name="android.intent.category.DEFAULT" />
129-->[com.google.firebase:firebase-auth:22.0.0] AndroidManifest.xml:38:17-76
129-->[com.google.firebase:firebase-auth:22.0.0] AndroidManifest.xml:38:27-73
130                <category android:name="android.intent.category.BROWSABLE" />
130-->[com.google.firebase:firebase-auth:22.0.0] AndroidManifest.xml:39:17-78
130-->[com.google.firebase:firebase-auth:22.0.0] AndroidManifest.xml:39:27-75
131
132                <data
132-->[com.google.firebase:firebase-auth:22.0.0] AndroidManifest.xml:41:17-44:51
133                    android:host="firebase.auth"
133-->[com.google.firebase:firebase-auth:22.0.0] AndroidManifest.xml:42:21-49
134                    android:path="/"
134-->[com.google.firebase:firebase-auth:22.0.0] AndroidManifest.xml:43:21-37
135                    android:scheme="genericidp" />
135-->[com.google.firebase:firebase-auth:22.0.0] AndroidManifest.xml:44:21-48
136            </intent-filter>
137        </activity>
138        <activity
138-->[com.google.firebase:firebase-auth:22.0.0] AndroidManifest.xml:47:9-64:20
139            android:name="com.google.firebase.auth.internal.RecaptchaActivity"
139-->[com.google.firebase:firebase-auth:22.0.0] AndroidManifest.xml:48:13-79
140            android:excludeFromRecents="true"
140-->[com.google.firebase:firebase-auth:22.0.0] AndroidManifest.xml:49:13-46
141            android:exported="true"
141-->[com.google.firebase:firebase-auth:22.0.0] AndroidManifest.xml:50:13-36
142            android:launchMode="singleTask"
142-->[com.google.firebase:firebase-auth:22.0.0] AndroidManifest.xml:51:13-44
143            android:theme="@android:style/Theme.Translucent.NoTitleBar" >
143-->[com.google.firebase:firebase-auth:22.0.0] AndroidManifest.xml:52:13-72
144            <intent-filter>
144-->[com.google.firebase:firebase-auth:22.0.0] AndroidManifest.xml:53:13-63:29
145                <action android:name="android.intent.action.VIEW" />
145-->[com.google.firebase:firebase-auth:22.0.0] AndroidManifest.xml:36:17-69
145-->[com.google.firebase:firebase-auth:22.0.0] AndroidManifest.xml:36:25-66
146
147                <category android:name="android.intent.category.DEFAULT" />
147-->[com.google.firebase:firebase-auth:22.0.0] AndroidManifest.xml:38:17-76
147-->[com.google.firebase:firebase-auth:22.0.0] AndroidManifest.xml:38:27-73
148                <category android:name="android.intent.category.BROWSABLE" />
148-->[com.google.firebase:firebase-auth:22.0.0] AndroidManifest.xml:39:17-78
148-->[com.google.firebase:firebase-auth:22.0.0] AndroidManifest.xml:39:27-75
149
150                <data
150-->[com.google.firebase:firebase-auth:22.0.0] AndroidManifest.xml:41:17-44:51
151                    android:host="firebase.auth"
151-->[com.google.firebase:firebase-auth:22.0.0] AndroidManifest.xml:42:21-49
152                    android:path="/"
152-->[com.google.firebase:firebase-auth:22.0.0] AndroidManifest.xml:43:21-37
153                    android:scheme="recaptcha" />
153-->[com.google.firebase:firebase-auth:22.0.0] AndroidManifest.xml:44:21-48
154            </intent-filter>
155        </activity>
156
157        <provider
157-->[com.google.firebase:firebase-common:20.3.2] AndroidManifest.xml:25:9-30:39
158            android:name="com.google.firebase.provider.FirebaseInitProvider"
158-->[com.google.firebase:firebase-common:20.3.2] AndroidManifest.xml:26:13-77
159            android:authorities="com.example.residenthomes.firebaseinitprovider"
159-->[com.google.firebase:firebase-common:20.3.2] AndroidManifest.xml:27:13-72
160            android:directBootAware="true"
160-->[com.google.firebase:firebase-common:20.3.2] AndroidManifest.xml:28:13-43
161            android:exported="false"
161-->[com.google.firebase:firebase-common:20.3.2] AndroidManifest.xml:29:13-37
162            android:initOrder="100" />
162-->[com.google.firebase:firebase-common:20.3.2] AndroidManifest.xml:30:13-36
163
164        <activity
164-->[com.google.android.gms:play-services-base:18.1.0] AndroidManifest.xml:20:9-22:45
165            android:name="com.google.android.gms.common.api.GoogleApiActivity"
165-->[com.google.android.gms:play-services-base:18.1.0] AndroidManifest.xml:20:19-85
166            android:exported="false"
166-->[com.google.android.gms:play-services-base:18.1.0] AndroidManifest.xml:22:19-43
167            android:theme="@android:style/Theme.Translucent.NoTitleBar" />
167-->[com.google.android.gms:play-services-base:18.1.0] AndroidManifest.xml:21:19-78
168
169        <receiver
169-->[com.google.android.gms:play-services-measurement:21.2.2] AndroidManifest.xml:29:9-33:20
170            android:name="com.google.android.gms.measurement.AppMeasurementReceiver"
170-->[com.google.android.gms:play-services-measurement:21.2.2] AndroidManifest.xml:30:13-85
171            android:enabled="true"
171-->[com.google.android.gms:play-services-measurement:21.2.2] AndroidManifest.xml:31:13-35
172            android:exported="false" >
172-->[com.google.android.gms:play-services-measurement:21.2.2] AndroidManifest.xml:32:13-37
173        </receiver>
174
175        <service
175-->[com.google.android.gms:play-services-measurement:21.2.2] AndroidManifest.xml:35:9-38:40
176            android:name="com.google.android.gms.measurement.AppMeasurementService"
176-->[com.google.android.gms:play-services-measurement:21.2.2] AndroidManifest.xml:36:13-84
177            android:enabled="true"
177-->[com.google.android.gms:play-services-measurement:21.2.2] AndroidManifest.xml:37:13-35
178            android:exported="false" />
178-->[com.google.android.gms:play-services-measurement:21.2.2] AndroidManifest.xml:38:13-37
179        <service
179-->[com.google.android.gms:play-services-measurement:21.2.2] AndroidManifest.xml:39:9-43:72
180            android:name="com.google.android.gms.measurement.AppMeasurementJobService"
180-->[com.google.android.gms:play-services-measurement:21.2.2] AndroidManifest.xml:40:13-87
181            android:enabled="true"
181-->[com.google.android.gms:play-services-measurement:21.2.2] AndroidManifest.xml:41:13-35
182            android:exported="false"
182-->[com.google.android.gms:play-services-measurement:21.2.2] AndroidManifest.xml:42:13-37
183            android:permission="android.permission.BIND_JOB_SERVICE" />
183-->[com.google.android.gms:play-services-measurement:21.2.2] AndroidManifest.xml:43:13-69
184
185        <meta-data
185-->[com.google.android.gms:play-services-basement:18.1.0] AndroidManifest.xml:21:9-23:69
186            android:name="com.google.android.gms.version"
186-->[com.google.android.gms:play-services-basement:18.1.0] AndroidManifest.xml:22:13-58
187            android:value="@integer/google_play_services_version" />
187-->[com.google.android.gms:play-services-basement:18.1.0] AndroidManifest.xml:23:13-66
188
189        <provider
189-->[androidx.emoji2:emoji2:1.2.0] AndroidManifest.xml:24:9-32:20
190            android:name="androidx.startup.InitializationProvider"
190-->[androidx.emoji2:emoji2:1.2.0] AndroidManifest.xml:25:13-67
191            android:authorities="com.example.residenthomes.androidx-startup"
191-->[androidx.emoji2:emoji2:1.2.0] AndroidManifest.xml:26:13-68
192            android:exported="false" >
192-->[androidx.emoji2:emoji2:1.2.0] AndroidManifest.xml:27:13-37
193            <meta-data
193-->[androidx.emoji2:emoji2:1.2.0] AndroidManifest.xml:29:13-31:52
194                android:name="androidx.emoji2.text.EmojiCompatInitializer"
194-->[androidx.emoji2:emoji2:1.2.0] AndroidManifest.xml:30:17-75
195                android:value="androidx.startup" />
195-->[androidx.emoji2:emoji2:1.2.0] AndroidManifest.xml:31:17-49
196            <meta-data
196-->[androidx.lifecycle:lifecycle-process:2.4.1] AndroidManifest.xml:31:13-33:52
197                android:name="androidx.lifecycle.ProcessLifecycleInitializer"
197-->[androidx.lifecycle:lifecycle-process:2.4.1] AndroidManifest.xml:32:17-78
198                android:value="androidx.startup" />
198-->[androidx.lifecycle:lifecycle-process:2.4.1] AndroidManifest.xml:33:17-49
199        </provider>
200    </application>
201
202</manifest>